Connecting to database specified by database.yml
  [1m[36m (0.1ms)[0m  [1mselect sqlite_version(*)[0m
  [1m[35m (2.2ms)[0m  CREATE TABLE "schema_migrations" ("version" varchar(255) NOT NULL) 
  [1m[36m (0.0ms)[0m  [1mPRAGMA index_list("schema_migrations")[0m
  [1m[35m (0.6ms)[0m  CREATE UNIQUE INDEX "unique_schema_migrations" ON "schema_migrations" ("version")
  [1m[36m (0.1ms)[0m  [1mSELECT "schema_migrations"."version" FROM "schema_migrations" [0m
Migrating to CreateProducts (20121217080114)
  [1m[35m (0.0ms)[0m  begin transaction
  [1m[36m (0.4ms)[0m  [1mCREATE TABLE "products" ("id" INTEGER PRIMARY KEY AUTOINCREMENT NOT NULL, "name" varchar(255), "description" text, "image" varchar(255), "price" decimal, "created_at" datetime NOT NULL, "updated_at" datetime NOT NULL) [0m
  [1m[35m (0.1ms)[0m  INSERT INTO "schema_migrations" ("version") VALUES ('20121217080114')
  [1m[36m (0.7ms)[0m  [1mcommit transaction[0m
  [1m[35m (0.2ms)[0m  select sqlite_version(*)
  [1m[36m (0.1ms)[0m  [1mSELECT "schema_migrations"."version" FROM "schema_migrations" [0m
  [1m[35m (0.0ms)[0m  PRAGMA index_list("products")


Started GET "/" for 127.0.0.1 at 2013-01-18 12:27:01 +0100
Connecting to database specified by database.yml

ActionDispatch::Session::SessionRestoreError (Session contains objects whose class definition isn't available.
Remember to require the classes for all objects kept in the session.
(Original exception: uninitialized constant Cart [NameError])
):
  actionpack (3.2.8) lib/action_dispatch/middleware/session/abstract_store.rb:62:in `rescue in rescue in stale_session_check!'
  actionpack (3.2.8) lib/action_dispatch/middleware/session/abstract_store.rb:58:in `rescue in stale_session_check!'
  actionpack (3.2.8) lib/action_dispatch/middleware/session/abstract_store.rb:55:in `stale_session_check!'
  actionpack (3.2.8) lib/action_dispatch/middleware/session/cookie_store.rb:51:in `unpacked_cookie_data'
  rack (1.4.1) lib/rack/session/cookie.rb:98:in `extract_session_id'
  actionpack (3.2.8) lib/action_dispatch/middleware/session/abstract_store.rb:51:in `block in extract_session_id'
  actionpack (3.2.8) lib/action_dispatch/middleware/session/abstract_store.rb:55:in `stale_session_check!'
  actionpack (3.2.8) lib/action_dispatch/middleware/session/abstract_store.rb:51:in `extract_session_id'
  rack (1.4.1) lib/rack/session/abstract/id.rb:43:in `load_session_id!'
  rack (1.4.1) lib/rack/session/abstract/id.rb:32:in `[]'
  rack (1.4.1) lib/rack/session/abstract/id.rb:262:in `current_session_id'
  rack (1.4.1) lib/rack/session/abstract/id.rb:268:in `session_exists?'
  rack (1.4.1) lib/rack/session/abstract/id.rb:107:in `exists?'
  rack (1.4.1) lib/rack/session/abstract/id.rb:122:in `load_for_read!'
  rack (1.4.1) lib/rack/session/abstract/id.rb:64:in `has_key?'
  actionpack (3.2.8) lib/action_dispatch/middleware/flash.rb:258:in `ensure in call'
  actionpack (3.2.8) lib/action_dispatch/middleware/flash.rb:259:in `call'
  rack (1.4.1) lib/rack/session/abstract/id.rb:205:in `context'
  rack (1.4.1) lib/rack/session/abstract/id.rb:200:in `call'
  actionpack (3.2.8) lib/action_dispatch/middleware/cookies.rb:339:in `call'
  activerecord (3.2.8) lib/active_record/query_cache.rb:64:in `call'
  activerecord (3.2.8) lib/active_record/connection_adapters/abstract/connection_pool.rb:473:in `call'
  actionpack (3.2.8) lib/action_dispatch/middleware/callbacks.rb:28:in `block in call'
  activesupport (3.2.8) lib/active_support/callbacks.rb:405:in `_run__3953566553855276472__call__3406289293810685720__callbacks'
  activesupport (3.2.8) lib/active_support/callbacks.rb:405:in `__run_callback'
  activesupport (3.2.8) lib/active_support/callbacks.rb:385:in `_run_call_callbacks'
  activesupport (3.2.8) lib/active_support/callbacks.rb:81:in `run_callbacks'
  actionpack (3.2.8) lib/action_dispatch/middleware/callbacks.rb:27:in `call'
  actionpack (3.2.8) lib/action_dispatch/middleware/reloader.rb:65:in `call'
  actionpack (3.2.8) lib/action_dispatch/middleware/remote_ip.rb:31:in `call'
  actionpack (3.2.8) lib/action_dispatch/middleware/debug_exceptions.rb:16:in `call'
  actionpack (3.2.8) lib/action_dispatch/middleware/show_exceptions.rb:56:in `call'
  railties (3.2.8) lib/rails/rack/logger.rb:26:in `call_app'
  railties (3.2.8) lib/rails/rack/logger.rb:16:in `call'
  actionpack (3.2.8) lib/action_dispatch/middleware/request_id.rb:22:in `call'
  rack (1.4.1) lib/rack/methodoverride.rb:21:in `call'
  rack (1.4.1) lib/rack/runtime.rb:17:in `call'
  activesupport (3.2.8) lib/active_support/cache/strategy/local_cache.rb:72:in `call'
  rack (1.4.1) lib/rack/lock.rb:15:in `call'
  actionpack (3.2.8) lib/action_dispatch/middleware/static.rb:62:in `call'
  railties (3.2.8) lib/rails/engine.rb:479:in `call'
  railties (3.2.8) lib/rails/application.rb:223:in `call'
  rack (1.4.1) lib/rack/content_length.rb:14:in `call'
  railties (3.2.8) lib/rails/rack/log_tailer.rb:17:in `call'
  rack (1.4.1) lib/rack/handler/webrick.rb:59:in `service'
  /Users/lukadomitrovic/.rvm/rubies/ruby-1.9.3-p194/lib/ruby/1.9.1/webrick/httpserver.rb:138:in `service'
  /Users/lukadomitrovic/.rvm/rubies/ruby-1.9.3-p194/lib/ruby/1.9.1/webrick/httpserver.rb:94:in `run'
  /Users/lukadomitrovic/.rvm/rubies/ruby-1.9.3-p194/lib/ruby/1.9.1/webrick/server.rb:191:in `block in start_thread'


  Rendered /Users/lukadomitrovic/.rvm/gems/ruby-1.9.3-p194@global/gems/actionpack-3.2.8/lib/action_dispatch/middleware/templates/rescues/_trace.erb (1.6ms)
  Rendered /Users/lukadomitrovic/.rvm/gems/ruby-1.9.3-p194@global/gems/actionpack-3.2.8/lib/action_dispatch/middleware/templates/rescues/_request_and_response.erb (2.4ms)
  Rendered /Users/lukadomitrovic/.rvm/gems/ruby-1.9.3-p194@global/gems/actionpack-3.2.8/lib/action_dispatch/middleware/templates/rescues/diagnostics.erb within rescues/layout (12.6ms)


Started GET "/" for 127.0.0.1 at 2013-01-18 12:27:51 +0100

ActionDispatch::Session::SessionRestoreError (Session contains objects whose class definition isn't available.
Remember to require the classes for all objects kept in the session.
(Original exception: uninitialized constant Cart [NameError])
):
  actionpack (3.2.8) lib/action_dispatch/middleware/session/abstract_store.rb:62:in `rescue in rescue in stale_session_check!'
  actionpack (3.2.8) lib/action_dispatch/middleware/session/abstract_store.rb:58:in `rescue in stale_session_check!'
  actionpack (3.2.8) lib/action_dispatch/middleware/session/abstract_store.rb:55:in `stale_session_check!'
  actionpack (3.2.8) lib/action_dispatch/middleware/session/cookie_store.rb:51:in `unpacked_cookie_data'
  rack (1.4.1) lib/rack/session/cookie.rb:98:in `extract_session_id'
  actionpack (3.2.8) lib/action_dispatch/middleware/session/abstract_store.rb:51:in `block in extract_session_id'
  actionpack (3.2.8) lib/action_dispatch/middleware/session/abstract_store.rb:55:in `stale_session_check!'
  actionpack (3.2.8) lib/action_dispatch/middleware/session/abstract_store.rb:51:in `extract_session_id'
  rack (1.4.1) lib/rack/session/abstract/id.rb:43:in `load_session_id!'
  rack (1.4.1) lib/rack/session/abstract/id.rb:32:in `[]'
  rack (1.4.1) lib/rack/session/abstract/id.rb:262:in `current_session_id'
  rack (1.4.1) lib/rack/session/abstract/id.rb:268:in `session_exists?'
  rack (1.4.1) lib/rack/session/abstract/id.rb:107:in `exists?'
  rack (1.4.1) lib/rack/session/abstract/id.rb:122:in `load_for_read!'
  rack (1.4.1) lib/rack/session/abstract/id.rb:64:in `has_key?'
  actionpack (3.2.8) lib/action_dispatch/middleware/flash.rb:258:in `ensure in call'
  actionpack (3.2.8) lib/action_dispatch/middleware/flash.rb:259:in `call'
  rack (1.4.1) lib/rack/session/abstract/id.rb:205:in `context'
  rack (1.4.1) lib/rack/session/abstract/id.rb:200:in `call'
  actionpack (3.2.8) lib/action_dispatch/middleware/cookies.rb:339:in `call'
  activerecord (3.2.8) lib/active_record/query_cache.rb:64:in `call'
  activerecord (3.2.8) lib/active_record/connection_adapters/abstract/connection_pool.rb:473:in `call'
  actionpack (3.2.8) lib/action_dispatch/middleware/callbacks.rb:28:in `block in call'
  activesupport (3.2.8) lib/active_support/callbacks.rb:405:in `_run__3953566553855276472__call__3406289293810685720__callbacks'
  activesupport (3.2.8) lib/active_support/callbacks.rb:405:in `__run_callback'
  activesupport (3.2.8) lib/active_support/callbacks.rb:385:in `_run_call_callbacks'
  activesupport (3.2.8) lib/active_support/callbacks.rb:81:in `run_callbacks'
  actionpack (3.2.8) lib/action_dispatch/middleware/callbacks.rb:27:in `call'
  actionpack (3.2.8) lib/action_dispatch/middleware/reloader.rb:65:in `call'
  actionpack (3.2.8) lib/action_dispatch/middleware/remote_ip.rb:31:in `call'
  actionpack (3.2.8) lib/action_dispatch/middleware/debug_exceptions.rb:16:in `call'
  actionpack (3.2.8) lib/action_dispatch/middleware/show_exceptions.rb:56:in `call'
  railties (3.2.8) lib/rails/rack/logger.rb:26:in `call_app'
  railties (3.2.8) lib/rails/rack/logger.rb:16:in `call'
  actionpack (3.2.8) lib/action_dispatch/middleware/request_id.rb:22:in `call'
  rack (1.4.1) lib/rack/methodoverride.rb:21:in `call'
  rack (1.4.1) lib/rack/runtime.rb:17:in `call'
  activesupport (3.2.8) lib/active_support/cache/strategy/local_cache.rb:72:in `call'
  rack (1.4.1) lib/rack/lock.rb:15:in `call'
  actionpack (3.2.8) lib/action_dispatch/middleware/static.rb:62:in `call'
  railties (3.2.8) lib/rails/engine.rb:479:in `call'
  railties (3.2.8) lib/rails/application.rb:223:in `call'
  rack (1.4.1) lib/rack/content_length.rb:14:in `call'
  railties (3.2.8) lib/rails/rack/log_tailer.rb:17:in `call'
  rack (1.4.1) lib/rack/handler/webrick.rb:59:in `service'
  /Users/lukadomitrovic/.rvm/rubies/ruby-1.9.3-p194/lib/ruby/1.9.1/webrick/httpserver.rb:138:in `service'
  /Users/lukadomitrovic/.rvm/rubies/ruby-1.9.3-p194/lib/ruby/1.9.1/webrick/httpserver.rb:94:in `run'
  /Users/lukadomitrovic/.rvm/rubies/ruby-1.9.3-p194/lib/ruby/1.9.1/webrick/server.rb:191:in `block in start_thread'


  Rendered /Users/lukadomitrovic/.rvm/gems/ruby-1.9.3-p194@global/gems/actionpack-3.2.8/lib/action_dispatch/middleware/templates/rescues/_trace.erb (1.5ms)
  Rendered /Users/lukadomitrovic/.rvm/gems/ruby-1.9.3-p194@global/gems/actionpack-3.2.8/lib/action_dispatch/middleware/templates/rescues/_request_and_response.erb (1.2ms)
  Rendered /Users/lukadomitrovic/.rvm/gems/ruby-1.9.3-p194@global/gems/actionpack-3.2.8/lib/action_dispatch/middleware/templates/rescues/diagnostics.erb within rescues/layout (10.3ms)


Started GET "/" for 127.0.0.1 at 2013-01-18 12:30:47 +0100
Connecting to database specified by database.yml
Processing by PagesController#home as HTML
  [1m[36mProduct Load (0.5ms)[0m  [1mSELECT "products".* FROM "products" [0m
  Rendered pages/home.html.erb within layouts/application (2.4ms)
Compiled admin/application.css  (8ms)  (pid 546)
Compiled admin/products.css  (1ms)  (pid 546)
Completed 500 Internal Server Error in 116ms

ActionView::Template::Error (cannot load such file -- less
  (in /Users/lukadomitrovic/RubymineProjects/trgovina2/app/assets/stylesheets/bootstrap_and_overrides.css.less)):
    2: <html>
    3: <head>
    4:   <title>Trgovina <%= @title %></title>
    5:   <%= stylesheet_link_tag    "application", :media => "all" %>
    6:   <%= javascript_include_tag "application" %>
    7:   <%= csrf_meta_tags %>
    8: </head>
  app/views/layouts/application.html.erb:5:in `_app_views_layouts_application_html_erb___4049058677659627929_70163095319420'


  Rendered /Users/lukadomitrovic/.rvm/gems/ruby-1.9.3-p194@global/gems/actionpack-3.2.8/lib/action_dispatch/middleware/templates/rescues/_trace.erb (1.8ms)
  Rendered /Users/lukadomitrovic/.rvm/gems/ruby-1.9.3-p194@global/gems/actionpack-3.2.8/lib/action_dispatch/middleware/templates/rescues/_request_and_response.erb (1.2ms)
  Rendered /Users/lukadomitrovic/.rvm/gems/ruby-1.9.3-p194@global/gems/actionpack-3.2.8/lib/action_dispatch/middleware/templates/rescues/template_error.erb within rescues/layout (12.2ms)


Started GET "/" for 127.0.0.1 at 2013-01-18 12:30:50 +0100
Processing by PagesController#home as HTML
  [1m[35mProduct Load (0.2ms)[0m  SELECT "products".* FROM "products" 
  Rendered pages/home.html.erb within layouts/application (0.0ms)
Completed 500 Internal Server Error in 15ms

ActionView::Template::Error (cannot load such file -- less
  (in /Users/lukadomitrovic/RubymineProjects/trgovina2/app/assets/stylesheets/bootstrap_and_overrides.css.less)):
    2: <html>
    3: <head>
    4:   <title>Trgovina <%= @title %></title>
    5:   <%= stylesheet_link_tag    "application", :media => "all" %>
    6:   <%= javascript_include_tag "application" %>
    7:   <%= csrf_meta_tags %>
    8: </head>
  app/views/layouts/application.html.erb:5:in `_app_views_layouts_application_html_erb___4049058677659627929_70163095319420'


  Rendered /Users/lukadomitrovic/.rvm/gems/ruby-1.9.3-p194@global/gems/actionpack-3.2.8/lib/action_dispatch/middleware/templates/rescues/_trace.erb (1.9ms)
  Rendered /Users/lukadomitrovic/.rvm/gems/ruby-1.9.3-p194@global/gems/actionpack-3.2.8/lib/action_dispatch/middleware/templates/rescues/_request_and_response.erb (1.1ms)
  Rendered /Users/lukadomitrovic/.rvm/gems/ruby-1.9.3-p194@global/gems/actionpack-3.2.8/lib/action_dispatch/middleware/templates/rescues/template_error.erb within rescues/layout (10.2ms)


Started GET "/" for 127.0.0.1 at 2013-01-18 12:31:55 +0100
Processing by PagesController#home as HTML
  [1m[36mProduct Load (0.2ms)[0m  [1mSELECT "products".* FROM "products" [0m
  Rendered pages/home.html.erb within layouts/application (0.1ms)
Compiled pages.css  (1ms)  (pid 546)
Compiled application.css  (11ms)  (pid 546)
Compiled jquery.js  (2ms)  (pid 546)
Compiled jquery_ujs.js  (0ms)  (pid 546)
Compiled admin/application.js  (64ms)  (pid 546)
Compiled admin/products.js  (55ms)  (pid 546)
Compiled bootstrap.js  (85ms)  (pid 546)
Compiled pages.js  (53ms)  (pid 546)
Compiled application.js  (338ms)  (pid 546)
  Rendered shared/_header.html.erb (0.4ms)
  Rendered shared/_footer.html.erb (0.3ms)
Completed 200 OK in 484ms (Views: 483.1ms | ActiveRecord: 0.2ms)


Started GET "/assets/application.css?body=1" for 127.0.0.1 at 2013-01-18 12:31:55 +0100
Served asset /application.css - 200 OK (4ms)


Started GET "/assets/admin/application.css?body=1" for 127.0.0.1 at 2013-01-18 12:31:56 +0100
Served asset /admin/application.css - 200 OK (1ms)


Started GET "/assets/admin/application.js?body=1" for 127.0.0.1 at 2013-01-18 12:31:56 +0100
Served asset /admin/application.js - 200 OK (1ms)


Started GET "/assets/admin/products.css?body=1" for 127.0.0.1 at 2013-01-18 12:31:56 +0100
Served asset /admin/products.css - 200 OK (1ms)


Started GET "/assets/pages.css?body=1" for 127.0.0.1 at 2013-01-18 12:31:56 +0100
Served asset /pages.css - 200 OK (1ms)


Started GET "/assets/jquery.js?body=1" for 127.0.0.1 at 2013-01-18 12:31:56 +0100
Served asset /jquery.js - 200 OK (6ms)


Started GET "/assets/jquery_ujs.js?body=1" for 127.0.0.1 at 2013-01-18 12:31:56 +0100
Served asset /jquery_ujs.js - 200 OK (2ms)


Started GET "/assets/admin/products.js?body=1" for 127.0.0.1 at 2013-01-18 12:31:56 +0100
Served asset /admin/products.js - 200 OK (1ms)


Started GET "/assets/bootstrap.js?body=1" for 127.0.0.1 at 2013-01-18 12:31:56 +0100
Served asset /bootstrap.js - 200 OK (1ms)


Started GET "/assets/application.js?body=1" for 127.0.0.1 at 2013-01-18 12:31:56 +0100
Served asset /application.js - 200 OK (7ms)


Started GET "/assets/pages.js?body=1" for 127.0.0.1 at 2013-01-18 12:31:56 +0100
Served asset /pages.js - 200 OK (1ms)


Started GET "/admin/products/new" for 127.0.0.1 at 2013-01-18 12:32:08 +0100
Processing by Admin::ProductsController#new as HTML
  Rendered admin/products/_form.html.erb (34.8ms)
  Rendered admin/products/new.html.erb within layouts/admin/application (36.0ms)
Completed 200 OK in 54ms (Views: 45.0ms | ActiveRecord: 0.0ms)


Started POST "/admin/products" for 127.0.0.1 at 2013-01-18 12:32:15 +0100
Processing by Admin::ProductsController#create as HTML
  Parameters: {"utf8"=>"✓", "authenticity_token"=>"LcNVJNjrr6Sx9rU8Su5P/VwTRgIFQsN1O5aGc0wTK9s=", "product"=>{"name"=>"test", "description"=>"", "image"=>"", "price"=>"23"}, "commit"=>"Save"}
  [1m[35m (0.1ms)[0m  begin transaction
  [1m[36mSQL (6.8ms)[0m  [1mINSERT INTO "products" ("created_at", "description", "image", "name", "price", "updated_at") VALUES (?, ?, ?, ?, ?, ?)[0m  [["created_at", Fri, 18 Jan 2013 11:32:15 UTC +00:00], ["description", ""], ["image", ""], ["name", "test"], ["price", #<BigDecimal:7fa0423150d0,'0.23E2',9(18)>], ["updated_at", Fri, 18 Jan 2013 11:32:15 UTC +00:00]]
  [1m[35m (0.9ms)[0m  commit transaction
Redirected to http://localhost:3000/admin/products
Completed 302 Found in 13ms (ActiveRecord: 7.8ms)


Started GET "/admin/products" for 127.0.0.1 at 2013-01-18 12:32:15 +0100
Processing by Admin::ProductsController#index as HTML
  [1m[36mProduct Load (0.2ms)[0m  [1mSELECT "products".* FROM "products" [0m
  Rendered admin/products/index.html.erb within layouts/admin/application (0.7ms)
Completed 200 OK in 12ms (Views: 10.2ms | ActiveRecord: 0.2ms)


Started GET "/" for 127.0.0.1 at 2013-01-18 12:34:04 +0100
Processing by PagesController#home as HTML
  [1m[35mProduct Load (0.1ms)[0m  SELECT "products".* FROM "products" 
  Rendered pages/home.html.erb within layouts/application (0.1ms)
  Rendered shared/_header.html.erb (0.0ms)
  Rendered shared/_footer.html.erb (0.0ms)
Completed 200 OK in 11ms (Views: 10.1ms | ActiveRecord: 0.1ms)


Started GET "/" for 127.0.0.1 at 2013-01-18 12:49:19 +0100
Processing by PagesController#home as HTML
  [1m[36mProduct Load (0.1ms)[0m  [1mSELECT "products".* FROM "products" [0m
  Rendered pages/home.html.erb within layouts/application (2.5ms)
Completed 500 Internal Server Error in 18ms

ActionController::RoutingError (No route matches {:action=>"add_to_cart", :id=>#<Product id: 1, name: "test", description: "", image: "", price: #<BigDecimal:7fa03e93fb30,'0.23E2',9(36)>, created_at: "2013-01-18 11:32:15", updated_at: "2013-01-18 11:32:15">, :controller=>"pages"}):
  app/views/pages/home.html.erb:9:in `block in _app_views_pages_home_html_erb__3855625254512070672_70163110677880'
  app/views/pages/home.html.erb:5:in `each'
  app/views/pages/home.html.erb:5:in `_app_views_pages_home_html_erb__3855625254512070672_70163110677880'


  Rendered /Users/lukadomitrovic/.rvm/gems/ruby-1.9.3-p194@global/gems/actionpack-3.2.8/lib/action_dispatch/middleware/templates/rescues/routing_error.erb within rescues/layout (0.7ms)


Started GET "/" for 127.0.0.1 at 2013-01-18 12:54:19 +0100
Processing by PagesController#home as HTML
  [1m[35mProduct Load (0.1ms)[0m  SELECT "products".* FROM "products" 
  Rendered pages/home.html.erb within layouts/application (1.5ms)
Completed 500 Internal Server Error in 16ms

ActionController::RoutingError (No route matches {:action=>"add_to_cart", :id=>#<Product id: 1, name: "test", description: "", image: "", price: #<BigDecimal:7fa03c1dd470,'0.23E2',9(36)>, created_at: "2013-01-18 11:32:15", updated_at: "2013-01-18 11:32:15">, :controller=>"pages"}):
  app/views/pages/home.html.erb:9:in `block in _app_views_pages_home_html_erb__3855625254512070672_70163110677880'
  app/views/pages/home.html.erb:5:in `each'
  app/views/pages/home.html.erb:5:in `_app_views_pages_home_html_erb__3855625254512070672_70163110677880'


  Rendered /Users/lukadomitrovic/.rvm/gems/ruby-1.9.3-p194@global/gems/actionpack-3.2.8/lib/action_dispatch/middleware/templates/rescues/routing_error.erb within rescues/layout (0.6ms)


Started GET "/" for 127.0.0.1 at 2013-01-18 12:54:20 +0100
Processing by PagesController#home as HTML
  [1m[36mProduct Load (0.2ms)[0m  [1mSELECT "products".* FROM "products" [0m
  Rendered pages/home.html.erb within layouts/application (1.7ms)
Completed 500 Internal Server Error in 5ms

ActionController::RoutingError (No route matches {:action=>"add_to_cart", :id=>#<Product id: 1, name: "test", description: "", image: "", price: #<BigDecimal:7fa03da1e638,'0.23E2',9(36)>, created_at: "2013-01-18 11:32:15", updated_at: "2013-01-18 11:32:15">, :controller=>"pages"}):
  app/views/pages/home.html.erb:9:in `block in _app_views_pages_home_html_erb__3855625254512070672_70163110677880'
  app/views/pages/home.html.erb:5:in `each'
  app/views/pages/home.html.erb:5:in `_app_views_pages_home_html_erb__3855625254512070672_70163110677880'


  Rendered /Users/lukadomitrovic/.rvm/gems/ruby-1.9.3-p194@global/gems/actionpack-3.2.8/lib/action_dispatch/middleware/templates/rescues/routing_error.erb within rescues/layout (0.7ms)


Started GET "/" for 127.0.0.1 at 2013-01-18 12:54:23 +0100
Processing by PagesController#home as HTML
  [1m[35mProduct Load (0.2ms)[0m  SELECT "products".* FROM "products" 
  Rendered pages/home.html.erb within layouts/application (1.8ms)
Completed 500 Internal Server Error in 5ms

ActionController::RoutingError (No route matches {:action=>"add_to_cart", :id=>#<Product id: 1, name: "test", description: "", image: "", price: #<BigDecimal:7fa040025548,'0.23E2',9(36)>, created_at: "2013-01-18 11:32:15", updated_at: "2013-01-18 11:32:15">, :controller=>"pages"}):
  app/views/pages/home.html.erb:9:in `block in _app_views_pages_home_html_erb__3855625254512070672_70163110677880'
  app/views/pages/home.html.erb:5:in `each'
  app/views/pages/home.html.erb:5:in `_app_views_pages_home_html_erb__3855625254512070672_70163110677880'


  Rendered /Users/lukadomitrovic/.rvm/gems/ruby-1.9.3-p194@global/gems/actionpack-3.2.8/lib/action_dispatch/middleware/templates/rescues/routing_error.erb within rescues/layout (0.7ms)


Started GET "/" for 127.0.0.1 at 2013-01-18 12:54:43 +0100
Processing by PagesController#home as HTML
  [1m[36mProduct Load (0.2ms)[0m  [1mSELECT "products".* FROM "products" [0m
  Rendered pages/home.html.erb within layouts/application (2.1ms)
Completed 500 Internal Server Error in 7ms

ActionController::RoutingError (No route matches {:action=>"add_to_cart", :id=>#<Product id: 1, name: "test", description: "", image: "", price: #<BigDecimal:7fa03c20d4b8,'0.23E2',9(36)>, created_at: "2013-01-18 11:32:15", updated_at: "2013-01-18 11:32:15">, :controller=>"pages"}):
  app/views/pages/home.html.erb:9:in `block in _app_views_pages_home_html_erb__3855625254512070672_70163110677880'
  app/views/pages/home.html.erb:5:in `each'
  app/views/pages/home.html.erb:5:in `_app_views_pages_home_html_erb__3855625254512070672_70163110677880'


  Rendered /Users/lukadomitrovic/.rvm/gems/ruby-1.9.3-p194@global/gems/actionpack-3.2.8/lib/action_dispatch/middleware/templates/rescues/routing_error.erb within rescues/layout (0.8ms)


Started GET "/" for 127.0.0.1 at 2013-01-18 12:54:44 +0100
Processing by PagesController#home as HTML
  [1m[35mProduct Load (0.2ms)[0m  SELECT "products".* FROM "products" 
  Rendered pages/home.html.erb within layouts/application (1.5ms)
Completed 500 Internal Server Error in 4ms

ActionController::RoutingError (No route matches {:action=>"add_to_cart", :id=>#<Product id: 1, name: "test", description: "", image: "", price: #<BigDecimal:7fa03eb36d80,'0.23E2',9(36)>, created_at: "2013-01-18 11:32:15", updated_at: "2013-01-18 11:32:15">, :controller=>"pages"}):
  app/views/pages/home.html.erb:9:in `block in _app_views_pages_home_html_erb__3855625254512070672_70163110677880'
  app/views/pages/home.html.erb:5:in `each'
  app/views/pages/home.html.erb:5:in `_app_views_pages_home_html_erb__3855625254512070672_70163110677880'


  Rendered /Users/lukadomitrovic/.rvm/gems/ruby-1.9.3-p194@global/gems/actionpack-3.2.8/lib/action_dispatch/middleware/templates/rescues/routing_error.erb within rescues/layout (0.7ms)


Started GET "/" for 127.0.0.1 at 2013-01-18 12:54:45 +0100
Processing by PagesController#home as HTML
  [1m[36mProduct Load (0.2ms)[0m  [1mSELECT "products".* FROM "products" [0m
  Rendered pages/home.html.erb within layouts/application (1.7ms)
Completed 500 Internal Server Error in 5ms

ActionController::RoutingError (No route matches {:action=>"add_to_cart", :id=>#<Product id: 1, name: "test", description: "", image: "", price: #<BigDecimal:7fa03ce27168,'0.23E2',9(36)>, created_at: "2013-01-18 11:32:15", updated_at: "2013-01-18 11:32:15">, :controller=>"pages"}):
  app/views/pages/home.html.erb:9:in `block in _app_views_pages_home_html_erb__3855625254512070672_70163110677880'
  app/views/pages/home.html.erb:5:in `each'
  app/views/pages/home.html.erb:5:in `_app_views_pages_home_html_erb__3855625254512070672_70163110677880'


  Rendered /Users/lukadomitrovic/.rvm/gems/ruby-1.9.3-p194@global/gems/actionpack-3.2.8/lib/action_dispatch/middleware/templates/rescues/routing_error.erb within rescues/layout (0.7ms)


Started GET "/" for 127.0.0.1 at 2013-01-18 12:54:48 +0100
Processing by PagesController#home as HTML
  [1m[35mProduct Load (0.2ms)[0m  SELECT "products".* FROM "products" 
  Rendered pages/home.html.erb within layouts/application (1.8ms)
Completed 500 Internal Server Error in 5ms

ActionController::RoutingError (No route matches {:action=>"add_to_cart", :id=>#<Product id: 1, name: "test", description: "", image: "", price: #<BigDecimal:7fa0421a28b0,'0.23E2',9(36)>, created_at: "2013-01-18 11:32:15", updated_at: "2013-01-18 11:32:15">, :controller=>"pages"}):
  app/views/pages/home.html.erb:9:in `block in _app_views_pages_home_html_erb__3855625254512070672_70163110677880'
  app/views/pages/home.html.erb:5:in `each'
  app/views/pages/home.html.erb:5:in `_app_views_pages_home_html_erb__3855625254512070672_70163110677880'


  Rendered /Users/lukadomitrovic/.rvm/gems/ruby-1.9.3-p194@global/gems/actionpack-3.2.8/lib/action_dispatch/middleware/templates/rescues/routing_error.erb within rescues/layout (0.8ms)


Started GET "/" for 127.0.0.1 at 2013-01-18 12:57:59 +0100
Processing by PagesController#home as HTML
  [1m[36mProduct Load (0.2ms)[0m  [1mSELECT "products".* FROM "products" [0m
  Rendered pages/home.html.erb within layouts/application (1.7ms)
Completed 500 Internal Server Error in 5ms

ActionController::RoutingError (No route matches {:action=>"add_to_cart", :id=>#<Product id: 1, name: "test", description: "", image: "", price: #<BigDecimal:7fa040bb9198,'0.23E2',9(36)>, created_at: "2013-01-18 11:32:15", updated_at: "2013-01-18 11:32:15">, :controller=>"pages"}):
  app/views/pages/home.html.erb:9:in `block in _app_views_pages_home_html_erb__3855625254512070672_70163110677880'
  app/views/pages/home.html.erb:5:in `each'
  app/views/pages/home.html.erb:5:in `_app_views_pages_home_html_erb__3855625254512070672_70163110677880'


  Rendered /Users/lukadomitrovic/.rvm/gems/ruby-1.9.3-p194@global/gems/actionpack-3.2.8/lib/action_dispatch/middleware/templates/rescues/routing_error.erb within rescues/layout (0.8ms)


Started GET "/" for 127.0.0.1 at 2013-01-18 12:59:22 +0100
Processing by PagesController#home as HTML
  [1m[35mProduct Load (0.1ms)[0m  SELECT "products".* FROM "products" 
  Rendered pages/home.html.erb within layouts/application (1.0ms)
  Rendered shared/_header.html.erb (0.0ms)
  Rendered shared/_footer.html.erb (0.0ms)
Completed 200 OK in 50ms (Views: 36.9ms | ActiveRecord: 0.5ms)


Started GET "/assets/application.css?body=1" for 127.0.0.1 at 2013-01-18 12:59:22 +0100
Served asset /application.css - 304 Not Modified (0ms)


Started GET "/assets/admin/products.css?body=1" for 127.0.0.1 at 2013-01-18 12:59:22 +0100
Served asset /admin/products.css - 304 Not Modified (0ms)


Started GET "/assets/admin/application.css?body=1" for 127.0.0.1 at 2013-01-18 12:59:22 +0100
Served asset /admin/application.css - 304 Not Modified (0ms)


Started GET "/assets/pages.css?body=1" for 127.0.0.1 at 2013-01-18 12:59:22 +0100
Served asset /pages.css - 304 Not Modified (0ms)


Started GET "/assets/jquery.js?body=1" for 127.0.0.1 at 2013-01-18 12:59:22 +0100
Served asset /jquery.js - 304 Not Modified (0ms)


Started GET "/assets/jquery_ujs.js?body=1" for 127.0.0.1 at 2013-01-18 12:59:22 +0100
Served asset /jquery_ujs.js - 304 Not Modified (0ms)


Started GET "/assets/admin/application.js?body=1" for 127.0.0.1 at 2013-01-18 12:59:22 +0100
Served asset /admin/application.js - 304 Not Modified (0ms)


Started GET "/assets/admin/products.js?body=1" for 127.0.0.1 at 2013-01-18 12:59:22 +0100
Served asset /admin/products.js - 304 Not Modified (0ms)


Started GET "/assets/pages.js?body=1" for 127.0.0.1 at 2013-01-18 12:59:22 +0100
Served asset /pages.js - 304 Not Modified (0ms)


Started GET "/assets/bootstrap.js?body=1" for 127.0.0.1 at 2013-01-18 12:59:22 +0100
Served asset /bootstrap.js - 304 Not Modified (0ms)


Started GET "/assets/application.js?body=1" for 127.0.0.1 at 2013-01-18 12:59:22 +0100
Served asset /application.js - 304 Not Modified (0ms)


Started POST "/add_to_cart?id=1" for 127.0.0.1 at 2013-01-18 12:59:57 +0100
Processing by PagesController#add_to_cart as HTML
  Parameters: {"authenticity_token"=>"LcNVJNjrr6Sx9rU8Su5P/VwTRgIFQsN1O5aGc0wTK9s=", "id"=>"1"}
  [1m[36mProduct Load (0.3ms)[0m  [1mSELECT "products".* FROM "products" WHERE "products"."id" = ? LIMIT 1[0m  [["id", "1"]]
  Rendered pages/add_to_cart.html.erb within layouts/application (0.6ms)
  Rendered shared/_header.html.erb (0.0ms)
  Rendered shared/_footer.html.erb (0.0ms)
Completed 200 OK in 16ms (Views: 10.7ms | ActiveRecord: 0.3ms)


Started GET "/assets/application.css?body=1" for 127.0.0.1 at 2013-01-18 12:59:58 +0100
Served asset /application.css - 304 Not Modified (0ms)


Started GET "/assets/admin/products.css?body=1" for 127.0.0.1 at 2013-01-18 12:59:58 +0100
Served asset /admin/products.css - 304 Not Modified (0ms)


Started GET "/assets/jquery.js?body=1" for 127.0.0.1 at 2013-01-18 12:59:58 +0100
Served asset /jquery.js - 304 Not Modified (0ms)


Started GET "/assets/pages.css?body=1" for 127.0.0.1 at 2013-01-18 12:59:58 +0100
Served asset /pages.css - 304 Not Modified (0ms)


Started GET "/assets/jquery_ujs.js?body=1" for 127.0.0.1 at 2013-01-18 12:59:58 +0100
Served asset /jquery_ujs.js - 304 Not Modified (0ms)


Started GET "/assets/admin/application.css?body=1" for 127.0.0.1 at 2013-01-18 12:59:58 +0100
Served asset /admin/application.css - 304 Not Modified (0ms)


Started GET "/assets/admin/application.js?body=1" for 127.0.0.1 at 2013-01-18 12:59:58 +0100
Served asset /admin/application.js - 304 Not Modified (0ms)


Started GET "/assets/bootstrap.js?body=1" for 127.0.0.1 at 2013-01-18 12:59:58 +0100
Served asset /bootstrap.js - 304 Not Modified (0ms)


Started GET "/assets/admin/products.js?body=1" for 127.0.0.1 at 2013-01-18 12:59:58 +0100
Served asset /admin/products.js - 304 Not Modified (0ms)


Started GET "/assets/pages.js?body=1" for 127.0.0.1 at 2013-01-18 12:59:58 +0100
Served asset /pages.js - 304 Not Modified (0ms)


Started GET "/assets/application.js?body=1" for 127.0.0.1 at 2013-01-18 12:59:58 +0100
Served asset /application.js - 304 Not Modified (0ms)


Started GET "/admin/products" for 127.0.0.1 at 2013-01-18 13:01:34 +0100
Processing by Admin::ProductsController#index as HTML
  [1m[35mProduct Load (0.1ms)[0m  SELECT "products".* FROM "products" 
  Rendered admin/products/index.html.erb within layouts/admin/application (0.1ms)
Completed 200 OK in 9ms (Views: 7.9ms | ActiveRecord: 0.1ms)


Started GET "/assets/admin/products.css?body=1" for 127.0.0.1 at 2013-01-18 13:01:34 +0100
Served asset /admin/products.css - 304 Not Modified (0ms)


Started GET "/assets/jquery.js?body=1" for 127.0.0.1 at 2013-01-18 13:01:34 +0100
Served asset /jquery.js - 304 Not Modified (0ms)


Started GET "/assets/pages.css?body=1" for 127.0.0.1 at 2013-01-18 13:01:34 +0100
Served asset /pages.css - 304 Not Modified (0ms)


Started GET "/assets/jquery_ujs.js?body=1" for 127.0.0.1 at 2013-01-18 13:01:34 +0100
Served asset /jquery_ujs.js - 304 Not Modified (0ms)


Started GET "/assets/application.css?body=1" for 127.0.0.1 at 2013-01-18 13:01:34 +0100
Served asset /application.css - 304 Not Modified (0ms)


Started GET "/assets/admin/application.css?body=1" for 127.0.0.1 at 2013-01-18 13:01:34 +0100
Served asset /admin/application.css - 304 Not Modified (0ms)


Started GET "/assets/admin/application.js?body=1" for 127.0.0.1 at 2013-01-18 13:01:34 +0100
Served asset /admin/application.js - 304 Not Modified (0ms)


Started GET "/assets/admin/products.js?body=1" for 127.0.0.1 at 2013-01-18 13:01:34 +0100
Served asset /admin/products.js - 304 Not Modified (0ms)


Started GET "/assets/bootstrap.js?body=1" for 127.0.0.1 at 2013-01-18 13:01:34 +0100
Served asset /bootstrap.js - 304 Not Modified (0ms)


Started GET "/assets/pages.js?body=1" for 127.0.0.1 at 2013-01-18 13:01:34 +0100
Served asset /pages.js - 304 Not Modified (0ms)


Started GET "/assets/application.js?body=1" for 127.0.0.1 at 2013-01-18 13:01:34 +0100
Served asset /application.js - 304 Not Modified (0ms)


Started GET "/admin/products/new" for 127.0.0.1 at 2013-01-18 13:01:39 +0100
Processing by Admin::ProductsController#new as HTML
  Rendered admin/products/_form.html.erb (4.6ms)
  Rendered admin/products/new.html.erb within layouts/admin/application (5.4ms)
Completed 200 OK in 16ms (Views: 15.3ms | ActiveRecord: 0.0ms)


Started GET "/assets/admin/products.css?body=1" for 127.0.0.1 at 2013-01-18 13:01:40 +0100
Served asset /admin/products.css - 304 Not Modified (0ms)


Started GET "/assets/application.css?body=1" for 127.0.0.1 at 2013-01-18 13:01:40 +0100
Served asset /application.css - 304 Not Modified (0ms)


Started GET "/assets/admin/application.css?body=1" for 127.0.0.1 at 2013-01-18 13:01:40 +0100
Served asset /admin/application.css - 304 Not Modified (0ms)


Started GET "/assets/pages.css?body=1" for 127.0.0.1 at 2013-01-18 13:01:40 +0100
Served asset /pages.css - 304 Not Modified (0ms)


Started GET "/assets/jquery.js?body=1" for 127.0.0.1 at 2013-01-18 13:01:40 +0100
Served asset /jquery.js - 304 Not Modified (0ms)


Started GET "/assets/jquery_ujs.js?body=1" for 127.0.0.1 at 2013-01-18 13:01:40 +0100
Served asset /jquery_ujs.js - 304 Not Modified (0ms)


Started GET "/assets/admin/application.js?body=1" for 127.0.0.1 at 2013-01-18 13:01:40 +0100
Served asset /admin/application.js - 304 Not Modified (0ms)


Started GET "/assets/admin/products.js?body=1" for 127.0.0.1 at 2013-01-18 13:01:40 +0100
Served asset /admin/products.js - 304 Not Modified (0ms)


Started GET "/assets/bootstrap.js?body=1" for 127.0.0.1 at 2013-01-18 13:01:40 +0100
Served asset /bootstrap.js - 304 Not Modified (0ms)


Started GET "/assets/pages.js?body=1" for 127.0.0.1 at 2013-01-18 13:01:40 +0100
Served asset /pages.js - 304 Not Modified (0ms)


Started GET "/assets/application.js?body=1" for 127.0.0.1 at 2013-01-18 13:01:40 +0100
Served asset /application.js - 304 Not Modified (0ms)


Started POST "/admin/products" for 127.0.0.1 at 2013-01-18 13:01:53 +0100
Processing by Admin::ProductsController#create as HTML
  Parameters: {"utf8"=>"✓", "authenticity_token"=>"LcNVJNjrr6Sx9rU8Su5P/VwTRgIFQsN1O5aGc0wTK9s=", "product"=>{"name"=>"klobasa", "description"=>"", "image"=>"", "price"=>"5"}, "commit"=>"Save"}
  [1m[36m (0.1ms)[0m  [1mbegin transaction[0m
  [1m[35mSQL (0.5ms)[0m  INSERT INTO "products" ("created_at", "description", "image", "name", "price", "updated_at") VALUES (?, ?, ?, ?, ?, ?)  [["created_at", Fri, 18 Jan 2013 12:01:53 UTC +00:00], ["description", ""], ["image", ""], ["name", "klobasa"], ["price", #<BigDecimal:7fa03db94990,'0.5E1',9(18)>], ["updated_at", Fri, 18 Jan 2013 12:01:53 UTC +00:00]]
  [1m[36m (2.4ms)[0m  [1mcommit transaction[0m
Redirected to http://localhost:3000/admin/products
Completed 302 Found in 8ms (ActiveRecord: 3.0ms)


Started GET "/admin/products" for 127.0.0.1 at 2013-01-18 13:01:53 +0100
Processing by Admin::ProductsController#index as HTML
  [1m[35mProduct Load (0.2ms)[0m  SELECT "products".* FROM "products" 
  Rendered admin/products/index.html.erb within layouts/admin/application (0.2ms)
Completed 200 OK in 9ms (Views: 7.7ms | ActiveRecord: 0.2ms)


Started GET "/assets/application.css?body=1" for 127.0.0.1 at 2013-01-18 13:01:53 +0100
Served asset /application.css - 304 Not Modified (0ms)


Started GET "/assets/pages.css?body=1" for 127.0.0.1 at 2013-01-18 13:01:53 +0100
Served asset /pages.css - 304 Not Modified (0ms)


Started GET "/assets/admin/products.css?body=1" for 127.0.0.1 at 2013-01-18 13:01:53 +0100
Served asset /admin/products.css - 304 Not Modified (0ms)


Started GET "/assets/admin/application.css?body=1" for 127.0.0.1 at 2013-01-18 13:01:53 +0100
Served asset /admin/application.css - 304 Not Modified (0ms)


Started GET "/assets/jquery_ujs.js?body=1" for 127.0.0.1 at 2013-01-18 13:01:53 +0100
Served asset /jquery_ujs.js - 304 Not Modified (0ms)


Started GET "/assets/jquery.js?body=1" for 127.0.0.1 at 2013-01-18 13:01:53 +0100
Served asset /jquery.js - 304 Not Modified (0ms)


Started GET "/assets/admin/products.js?body=1" for 127.0.0.1 at 2013-01-18 13:01:53 +0100
Served asset /admin/products.js - 304 Not Modified (0ms)


Started GET "/assets/admin/application.js?body=1" for 127.0.0.1 at 2013-01-18 13:01:53 +0100
Served asset /admin/application.js - 304 Not Modified (0ms)


Started GET "/assets/bootstrap.js?body=1" for 127.0.0.1 at 2013-01-18 13:01:53 +0100
Served asset /bootstrap.js - 304 Not Modified (0ms)


Started GET "/assets/pages.js?body=1" for 127.0.0.1 at 2013-01-18 13:01:53 +0100
Served asset /pages.js - 304 Not Modified (0ms)


Started GET "/assets/application.js?body=1" for 127.0.0.1 at 2013-01-18 13:01:53 +0100
Served asset /application.js - 304 Not Modified (0ms)


Started GET "/admin/products/new" for 127.0.0.1 at 2013-01-18 13:01:57 +0100
Processing by Admin::ProductsController#new as HTML
  Rendered admin/products/_form.html.erb (3.0ms)
  Rendered admin/products/new.html.erb within layouts/admin/application (3.7ms)
Completed 200 OK in 14ms (Views: 13.7ms | ActiveRecord: 0.0ms)


Started GET "/assets/application.css?body=1" for 127.0.0.1 at 2013-01-18 13:01:58 +0100
Served asset /application.css - 304 Not Modified (0ms)


Started GET "/assets/jquery.js?body=1" for 127.0.0.1 at 2013-01-18 13:01:58 +0100
Served asset /jquery.js - 304 Not Modified (0ms)


Started GET "/assets/admin/application.css?body=1" for 127.0.0.1 at 2013-01-18 13:01:58 +0100
Served asset /admin/application.css - 304 Not Modified (0ms)


Started GET "/assets/admin/products.css?body=1" for 127.0.0.1 at 2013-01-18 13:01:58 +0100
Served asset /admin/products.css - 304 Not Modified (0ms)


Started GET "/assets/pages.css?body=1" for 127.0.0.1 at 2013-01-18 13:01:58 +0100
Served asset /pages.css - 304 Not Modified (0ms)


Started GET "/assets/jquery_ujs.js?body=1" for 127.0.0.1 at 2013-01-18 13:01:58 +0100
Served asset /jquery_ujs.js - 304 Not Modified (0ms)


Started GET "/assets/admin/application.js?body=1" for 127.0.0.1 at 2013-01-18 13:01:58 +0100
Served asset /admin/application.js - 304 Not Modified (0ms)


Started GET "/assets/admin/products.js?body=1" for 127.0.0.1 at 2013-01-18 13:01:58 +0100
Served asset /admin/products.js - 304 Not Modified (0ms)


Started GET "/assets/pages.js?body=1" for 127.0.0.1 at 2013-01-18 13:01:58 +0100
Served asset /pages.js - 304 Not Modified (0ms)


Started GET "/assets/bootstrap.js?body=1" for 127.0.0.1 at 2013-01-18 13:01:58 +0100
Served asset /bootstrap.js - 304 Not Modified (0ms)


Started GET "/assets/application.js?body=1" for 127.0.0.1 at 2013-01-18 13:01:58 +0100
Served asset /application.js - 304 Not Modified (0ms)


Started POST "/admin/products" for 127.0.0.1 at 2013-01-18 13:02:09 +0100
Processing by Admin::ProductsController#create as HTML
  Parameters: {"utf8"=>"✓", "authenticity_token"=>"LcNVJNjrr6Sx9rU8Su5P/VwTRgIFQsN1O5aGc0wTK9s=", "product"=>{"name"=>"sir", "description"=>"", "image"=>"", "price"=>"6.6"}, "commit"=>"Save"}
  [1m[36m (0.1ms)[0m  [1mbegin transaction[0m
  [1m[35mSQL (0.5ms)[0m  INSERT INTO "products" ("created_at", "description", "image", "name", "price", "updated_at") VALUES (?, ?, ?, ?, ?, ?)  [["created_at", Fri, 18 Jan 2013 12:02:09 UTC +00:00], ["description", ""], ["image", ""], ["name", "sir"], ["price", #<BigDecimal:7fa03e93b7d8,'0.66E1',18(18)>], ["updated_at", Fri, 18 Jan 2013 12:02:09 UTC +00:00]]
  [1m[36m (1.9ms)[0m  [1mcommit transaction[0m
Redirected to http://localhost:3000/admin/products
Completed 302 Found in 5ms (ActiveRecord: 2.5ms)


Started GET "/admin/products" for 127.0.0.1 at 2013-01-18 13:02:09 +0100
Processing by Admin::ProductsController#index as HTML
  [1m[35mProduct Load (0.2ms)[0m  SELECT "products".* FROM "products" 
  Rendered admin/products/index.html.erb within layouts/admin/application (0.3ms)
Completed 200 OK in 8ms (Views: 7.5ms | ActiveRecord: 0.2ms)


Started GET "/assets/application.css?body=1" for 127.0.0.1 at 2013-01-18 13:02:09 +0100
Served asset /application.css - 304 Not Modified (0ms)


Started GET "/assets/admin/application.css?body=1" for 127.0.0.1 at 2013-01-18 13:02:09 +0100
Served asset /admin/application.css - 304 Not Modified (0ms)


Started GET "/assets/admin/products.css?body=1" for 127.0.0.1 at 2013-01-18 13:02:09 +0100
Served asset /admin/products.css - 304 Not Modified (0ms)


Started GET "/assets/pages.css?body=1" for 127.0.0.1 at 2013-01-18 13:02:09 +0100
Served asset /pages.css - 304 Not Modified (0ms)


Started GET "/assets/jquery.js?body=1" for 127.0.0.1 at 2013-01-18 13:02:09 +0100
Served asset /jquery.js - 304 Not Modified (0ms)


Started GET "/assets/jquery_ujs.js?body=1" for 127.0.0.1 at 2013-01-18 13:02:09 +0100
Served asset /jquery_ujs.js - 304 Not Modified (0ms)


Started GET "/assets/admin/application.js?body=1" for 127.0.0.1 at 2013-01-18 13:02:09 +0100
Served asset /admin/application.js - 304 Not Modified (0ms)


Started GET "/assets/admin/products.js?body=1" for 127.0.0.1 at 2013-01-18 13:02:09 +0100
Served asset /admin/products.js - 304 Not Modified (0ms)


Started GET "/assets/bootstrap.js?body=1" for 127.0.0.1 at 2013-01-18 13:02:09 +0100
Served asset /bootstrap.js - 304 Not Modified (0ms)


Started GET "/assets/pages.js?body=1" for 127.0.0.1 at 2013-01-18 13:02:09 +0100
Served asset /pages.js - 304 Not Modified (0ms)


Started GET "/assets/application.js?body=1" for 127.0.0.1 at 2013-01-18 13:02:09 +0100
Served asset /application.js - 304 Not Modified (0ms)


Started GET "/admin/products/new" for 127.0.0.1 at 2013-01-18 13:02:13 +0100
Processing by Admin::ProductsController#new as HTML
  Rendered admin/products/_form.html.erb (2.8ms)
  Rendered admin/products/new.html.erb within layouts/admin/application (3.4ms)
Completed 200 OK in 12ms (Views: 11.9ms | ActiveRecord: 0.0ms)


Started GET "/assets/application.css?body=1" for 127.0.0.1 at 2013-01-18 13:02:13 +0100
Served asset /application.css - 304 Not Modified (0ms)


Started GET "/assets/pages.css?body=1" for 127.0.0.1 at 2013-01-18 13:02:13 +0100
Served asset /pages.css - 304 Not Modified (0ms)


Started GET "/assets/admin/application.css?body=1" for 127.0.0.1 at 2013-01-18 13:02:13 +0100
Served asset /admin/application.css - 304 Not Modified (0ms)


Started GET "/assets/jquery_ujs.js?body=1" for 127.0.0.1 at 2013-01-18 13:02:13 +0100
Served asset /jquery_ujs.js - 304 Not Modified (0ms)


Started GET "/assets/admin/products.css?body=1" for 127.0.0.1 at 2013-01-18 13:02:13 +0100
Served asset /admin/products.css - 304 Not Modified (0ms)


Started GET "/assets/jquery.js?body=1" for 127.0.0.1 at 2013-01-18 13:02:13 +0100
Served asset /jquery.js - 304 Not Modified (0ms)


Started GET "/assets/admin/application.js?body=1" for 127.0.0.1 at 2013-01-18 13:02:13 +0100
Served asset /admin/application.js - 304 Not Modified (0ms)


Started GET "/assets/admin/products.js?body=1" for 127.0.0.1 at 2013-01-18 13:02:13 +0100
Served asset /admin/products.js - 304 Not Modified (0ms)


Started GET "/assets/bootstrap.js?body=1" for 127.0.0.1 at 2013-01-18 13:02:13 +0100
Served asset /bootstrap.js - 304 Not Modified (0ms)


Started GET "/assets/pages.js?body=1" for 127.0.0.1 at 2013-01-18 13:02:13 +0100
Served asset /pages.js - 304 Not Modified (0ms)


Started GET "/assets/application.js?body=1" for 127.0.0.1 at 2013-01-18 13:02:13 +0100
Served asset /application.js - 304 Not Modified (0ms)


Started POST "/admin/products" for 127.0.0.1 at 2013-01-18 13:02:19 +0100
Processing by Admin::ProductsController#create as HTML
  Parameters: {"utf8"=>"✓", "authenticity_token"=>"LcNVJNjrr6Sx9rU8Su5P/VwTRgIFQsN1O5aGc0wTK9s=", "product"=>{"name"=>"kruh", "description"=>"", "image"=>"", "price"=>"23"}, "commit"=>"Save"}
  [1m[36m (0.1ms)[0m  [1mbegin transaction[0m
  [1m[35mSQL (0.5ms)[0m  INSERT INTO "products" ("created_at", "description", "image", "name", "price", "updated_at") VALUES (?, ?, ?, ?, ?, ?)  [["created_at", Fri, 18 Jan 2013 12:02:19 UTC +00:00], ["description", ""], ["image", ""], ["name", "kruh"], ["price", #<BigDecimal:7fa03cc760a8,'0.23E2',9(18)>], ["updated_at", Fri, 18 Jan 2013 12:02:19 UTC +00:00]]
  [1m[36m (1.9ms)[0m  [1mcommit transaction[0m
Redirected to http://localhost:3000/admin/products
Completed 302 Found in 5ms (ActiveRecord: 2.4ms)


Started GET "/admin/products" for 127.0.0.1 at 2013-01-18 13:02:19 +0100
Processing by Admin::ProductsController#index as HTML
  [1m[35mProduct Load (0.2ms)[0m  SELECT "products".* FROM "products" 
  Rendered admin/products/index.html.erb within layouts/admin/application (0.3ms)
Completed 200 OK in 9ms (Views: 7.7ms | ActiveRecord: 0.2ms)


Started GET "/assets/application.css?body=1" for 127.0.0.1 at 2013-01-18 13:02:19 +0100
Served asset /application.css - 304 Not Modified (0ms)


Started GET "/assets/admin/products.css?body=1" for 127.0.0.1 at 2013-01-18 13:02:19 +0100
Served asset /admin/products.css - 304 Not Modified (0ms)


Started GET "/assets/admin/application.css?body=1" for 127.0.0.1 at 2013-01-18 13:02:19 +0100
Served asset /admin/application.css - 304 Not Modified (0ms)


Started GET "/assets/pages.css?body=1" for 127.0.0.1 at 2013-01-18 13:02:19 +0100
Served asset /pages.css - 304 Not Modified (0ms)


Started GET "/assets/jquery_ujs.js?body=1" for 127.0.0.1 at 2013-01-18 13:02:19 +0100
Served asset /jquery_ujs.js - 304 Not Modified (0ms)


Started GET "/assets/jquery.js?body=1" for 127.0.0.1 at 2013-01-18 13:02:19 +0100
Served asset /jquery.js - 304 Not Modified (0ms)


Started GET "/assets/admin/application.js?body=1" for 127.0.0.1 at 2013-01-18 13:02:19 +0100
Served asset /admin/application.js - 304 Not Modified (0ms)


Started GET "/assets/admin/products.js?body=1" for 127.0.0.1 at 2013-01-18 13:02:19 +0100
Served asset /admin/products.js - 304 Not Modified (0ms)


Started GET "/assets/bootstrap.js?body=1" for 127.0.0.1 at 2013-01-18 13:02:19 +0100
Served asset /bootstrap.js - 304 Not Modified (0ms)


Started GET "/assets/pages.js?body=1" for 127.0.0.1 at 2013-01-18 13:02:19 +0100
Served asset /pages.js - 304 Not Modified (0ms)


Started GET "/assets/application.js?body=1" for 127.0.0.1 at 2013-01-18 13:02:19 +0100
Served asset /application.js - 304 Not Modified (0ms)


Started GET "/" for 127.0.0.1 at 2013-01-18 13:02:28 +0100
Processing by PagesController#home as HTML
  [1m[36mProduct Load (0.2ms)[0m  [1mSELECT "products".* FROM "products" [0m
  Rendered pages/home.html.erb within layouts/application (2.4ms)
  Rendered shared/_header.html.erb (0.0ms)
  Rendered shared/_footer.html.erb (0.0ms)
Completed 200 OK in 16ms (Views: 15.0ms | ActiveRecord: 0.2ms)


Started GET "/assets/application.css?body=1" for 127.0.0.1 at 2013-01-18 13:02:28 +0100
Served asset /application.css - 304 Not Modified (0ms)


Started GET "/assets/admin/products.css?body=1" for 127.0.0.1 at 2013-01-18 13:02:28 +0100
Served asset /admin/products.css - 304 Not Modified (0ms)


Started GET "/assets/admin/application.css?body=1" for 127.0.0.1 at 2013-01-18 13:02:28 +0100
Served asset /admin/application.css - 304 Not Modified (0ms)


Started GET "/assets/pages.css?body=1" for 127.0.0.1 at 2013-01-18 13:02:28 +0100
Served asset /pages.css - 304 Not Modified (0ms)


Started GET "/assets/jquery_ujs.js?body=1" for 127.0.0.1 at 2013-01-18 13:02:28 +0100
Served asset /jquery_ujs.js - 304 Not Modified (32ms)


Started GET "/assets/jquery.js?body=1" for 127.0.0.1 at 2013-01-18 13:02:29 +0100
Served asset /jquery.js - 304 Not Modified (0ms)


Started GET "/assets/admin/application.js?body=1" for 127.0.0.1 at 2013-01-18 13:02:29 +0100
Served asset /admin/application.js - 304 Not Modified (0ms)


Started GET "/assets/admin/products.js?body=1" for 127.0.0.1 at 2013-01-18 13:02:29 +0100
Served asset /admin/products.js - 304 Not Modified (0ms)


Started GET "/assets/bootstrap.js?body=1" for 127.0.0.1 at 2013-01-18 13:02:29 +0100
Served asset /bootstrap.js - 304 Not Modified (0ms)


Started GET "/assets/pages.js?body=1" for 127.0.0.1 at 2013-01-18 13:02:29 +0100
Served asset /pages.js - 304 Not Modified (0ms)


Started GET "/assets/application.js?body=1" for 127.0.0.1 at 2013-01-18 13:02:29 +0100
Served asset /application.js - 304 Not Modified (0ms)


Started POST "/add_to_cart?id=4" for 127.0.0.1 at 2013-01-18 13:02:43 +0100
Processing by PagesController#add_to_cart as HTML
  Parameters: {"authenticity_token"=>"LcNVJNjrr6Sx9rU8Su5P/VwTRgIFQsN1O5aGc0wTK9s=", "id"=>"4"}
  [1m[35mProduct Load (0.2ms)[0m  SELECT "products".* FROM "products" WHERE "products"."id" = ? LIMIT 1  [["id", "4"]]
  Rendered pages/add_to_cart.html.erb within layouts/application (0.8ms)
  Rendered shared/_header.html.erb (0.0ms)
  Rendered shared/_footer.html.erb (0.0ms)
Completed 200 OK in 12ms (Views: 10.9ms | ActiveRecord: 0.2ms)


Started GET "/assets/admin/application.css?body=1" for 127.0.0.1 at 2013-01-18 13:02:43 +0100
Served asset /admin/application.css - 304 Not Modified (0ms)


Started GET "/assets/application.css?body=1" for 127.0.0.1 at 2013-01-18 13:02:43 +0100
Served asset /application.css - 304 Not Modified (0ms)


Started GET "/assets/pages.css?body=1" for 127.0.0.1 at 2013-01-18 13:02:43 +0100
Served asset /pages.css - 304 Not Modified (0ms)


Started GET "/assets/admin/products.css?body=1" for 127.0.0.1 at 2013-01-18 13:02:43 +0100
Served asset /admin/products.css - 304 Not Modified (0ms)


Started GET "/assets/jquery.js?body=1" for 127.0.0.1 at 2013-01-18 13:02:43 +0100
Served asset /jquery.js - 304 Not Modified (0ms)


Started GET "/assets/jquery_ujs.js?body=1" for 127.0.0.1 at 2013-01-18 13:02:43 +0100
Served asset /jquery_ujs.js - 304 Not Modified (0ms)


Started GET "/assets/admin/application.js?body=1" for 127.0.0.1 at 2013-01-18 13:02:43 +0100
Served asset /admin/application.js - 304 Not Modified (0ms)


Started GET "/assets/admin/products.js?body=1" for 127.0.0.1 at 2013-01-18 13:02:43 +0100
Served asset /admin/products.js - 304 Not Modified (0ms)


Started GET "/assets/bootstrap.js?body=1" for 127.0.0.1 at 2013-01-18 13:02:43 +0100
Served asset /bootstrap.js - 304 Not Modified (0ms)


Started GET "/assets/pages.js?body=1" for 127.0.0.1 at 2013-01-18 13:02:43 +0100
Served asset /pages.js - 304 Not Modified (0ms)


Started GET "/assets/application.js?body=1" for 127.0.0.1 at 2013-01-18 13:02:43 +0100
Served asset /application.js - 304 Not Modified (0ms)


Started POST "/add_to_cart?id=2" for 127.0.0.1 at 2013-01-18 13:02:58 +0100
Processing by PagesController#add_to_cart as HTML
  Parameters: {"authenticity_token"=>"LcNVJNjrr6Sx9rU8Su5P/VwTRgIFQsN1O5aGc0wTK9s=", "id"=>"2"}
  [1m[36mProduct Load (0.1ms)[0m  [1mSELECT "products".* FROM "products" WHERE "products"."id" = ? LIMIT 1[0m  [["id", "2"]]
  Rendered pages/add_to_cart.html.erb within layouts/application (0.1ms)
  Rendered shared/_header.html.erb (0.0ms)
  Rendered shared/_footer.html.erb (0.0ms)
Completed 200 OK in 10ms (Views: 8.7ms | ActiveRecord: 0.1ms)


Started GET "/assets/application.css?body=1" for 127.0.0.1 at 2013-01-18 13:02:58 +0100
Served asset /application.css - 304 Not Modified (0ms)


Started GET "/assets/admin/application.css?body=1" for 127.0.0.1 at 2013-01-18 13:02:58 +0100
Served asset /admin/application.css - 304 Not Modified (0ms)


Started GET "/assets/admin/products.css?body=1" for 127.0.0.1 at 2013-01-18 13:02:58 +0100
Served asset /admin/products.css - 304 Not Modified (0ms)


Started GET "/assets/jquery.js?body=1" for 127.0.0.1 at 2013-01-18 13:02:58 +0100
Served asset /jquery.js - 304 Not Modified (0ms)


Started GET "/assets/pages.css?body=1" for 127.0.0.1 at 2013-01-18 13:02:58 +0100
Served asset /pages.css - 304 Not Modified (0ms)


Started GET "/assets/jquery_ujs.js?body=1" for 127.0.0.1 at 2013-01-18 13:02:58 +0100
Served asset /jquery_ujs.js - 304 Not Modified (0ms)


Started GET "/assets/admin/application.js?body=1" for 127.0.0.1 at 2013-01-18 13:02:58 +0100
Served asset /admin/application.js - 304 Not Modified (0ms)


Started GET "/assets/admin/products.js?body=1" for 127.0.0.1 at 2013-01-18 13:02:58 +0100
Served asset /admin/products.js - 304 Not Modified (0ms)


Started GET "/assets/bootstrap.js?body=1" for 127.0.0.1 at 2013-01-18 13:02:58 +0100
Served asset /bootstrap.js - 304 Not Modified (0ms)


Started GET "/assets/pages.js?body=1" for 127.0.0.1 at 2013-01-18 13:02:58 +0100
Served asset /pages.js - 304 Not Modified (0ms)


Started GET "/assets/application.js?body=1" for 127.0.0.1 at 2013-01-18 13:02:58 +0100
Served asset /application.js - 304 Not Modified (0ms)


Started POST "/add_to_cart?id=4" for 127.0.0.1 at 2013-01-18 13:09:09 +0100
Processing by PagesController#add_to_cart as HTML
  Parameters: {"authenticity_token"=>"LcNVJNjrr6Sx9rU8Su5P/VwTRgIFQsN1O5aGc0wTK9s=", "id"=>"4"}
  [1m[35mProduct Load (0.1ms)[0m  SELECT "products".* FROM "products" WHERE "products"."id" = ? LIMIT 1  [["id", "4"]]
  Rendered pages/add_to_cart.html.erb within layouts/application (0.1ms)
  Rendered shared/_header.html.erb (0.0ms)
  Rendered shared/_footer.html.erb (0.0ms)
Completed 200 OK in 11ms (Views: 9.5ms | ActiveRecord: 0.1ms)


Started GET "/assets/application.css?body=1" for 127.0.0.1 at 2013-01-18 13:09:09 +0100
Served asset /application.css - 304 Not Modified (0ms)


Started GET "/assets/admin/application.css?body=1" for 127.0.0.1 at 2013-01-18 13:09:09 +0100
Served asset /admin/application.css - 304 Not Modified (0ms)


Started GET "/assets/admin/products.css?body=1" for 127.0.0.1 at 2013-01-18 13:09:09 +0100
Served asset /admin/products.css - 304 Not Modified (0ms)


Started GET "/assets/jquery.js?body=1" for 127.0.0.1 at 2013-01-18 13:09:09 +0100
Served asset /jquery.js - 304 Not Modified (0ms)


Started GET "/assets/jquery_ujs.js?body=1" for 127.0.0.1 at 2013-01-18 13:09:09 +0100
Served asset /jquery_ujs.js - 304 Not Modified (0ms)


Started GET "/assets/pages.css?body=1" for 127.0.0.1 at 2013-01-18 13:09:09 +0100
Served asset /pages.css - 304 Not Modified (0ms)


Started GET "/assets/admin/application.js?body=1" for 127.0.0.1 at 2013-01-18 13:09:09 +0100
Served asset /admin/application.js - 304 Not Modified (0ms)


Started GET "/assets/admin/products.js?body=1" for 127.0.0.1 at 2013-01-18 13:09:09 +0100
Served asset /admin/products.js - 304 Not Modified (0ms)


Started GET "/assets/pages.js?body=1" for 127.0.0.1 at 2013-01-18 13:09:09 +0100
Served asset /pages.js - 304 Not Modified (0ms)


Started GET "/assets/bootstrap.js?body=1" for 127.0.0.1 at 2013-01-18 13:09:09 +0100
Served asset /bootstrap.js - 304 Not Modified (0ms)


Started GET "/assets/application.js?body=1" for 127.0.0.1 at 2013-01-18 13:09:09 +0100
Served asset /application.js - 304 Not Modified (0ms)


Started POST "/add_to_cart?id=4" for 127.0.0.1 at 2013-01-18 13:30:18 +0100
Processing by PagesController#add_to_cart as HTML
  Parameters: {"authenticity_token"=>"LcNVJNjrr6Sx9rU8Su5P/VwTRgIFQsN1O5aGc0wTK9s=", "id"=>"4"}
  [1m[36mProduct Load (0.1ms)[0m  [1mSELECT "products".* FROM "products" WHERE "products"."id" = ? LIMIT 1[0m  [["id", "4"]]
Completed 500 Internal Server Error in 11ms

NoMethodError (undefined method `product' for #<Product:0x007fa03cdc8f00>):
  app/models/cart.rb:9:in `block in add_product'
  app/models/cart.rb:9:in `each'
  app/models/cart.rb:9:in `find'
  app/models/cart.rb:9:in `add_product'
  app/controllers/pages_controller.rb:14:in `add_to_cart'


  Rendered /Users/lukadomitrovic/.rvm/gems/ruby-1.9.3-p194@global/gems/actionpack-3.2.8/lib/action_dispatch/middleware/templates/rescues/_trace.erb (31.3ms)
  Rendered /Users/lukadomitrovic/.rvm/gems/ruby-1.9.3-p194@global/gems/actionpack-3.2.8/lib/action_dispatch/middleware/templates/rescues/_request_and_response.erb (2.0ms)
  Rendered /Users/lukadomitrovic/.rvm/gems/ruby-1.9.3-p194@global/gems/actionpack-3.2.8/lib/action_dispatch/middleware/templates/rescues/diagnostics.erb within rescues/layout (40.7ms)


Started GET "/" for 127.0.0.1 at 2013-01-18 13:30:57 +0100
Processing by PagesController#home as HTML
  [1m[35mProduct Load (0.2ms)[0m  SELECT "products".* FROM "products" 
  Rendered pages/home.html.erb within layouts/application (2.2ms)
  Rendered shared/_header.html.erb (0.0ms)
  Rendered shared/_footer.html.erb (0.0ms)
Completed 200 OK in 12ms (Views: 11.0ms | ActiveRecord: 0.2ms)


Started GET "/assets/application.css?body=1" for 127.0.0.1 at 2013-01-18 13:30:57 +0100
Served asset /application.css - 200 OK (0ms)


Started GET "/assets/admin/application.js?body=1" for 127.0.0.1 at 2013-01-18 13:30:57 +0100
Served asset /admin/application.js - 200 OK (0ms)


Started GET "/assets/admin/application.css?body=1" for 127.0.0.1 at 2013-01-18 13:30:57 +0100
Served asset /admin/application.css - 304 Not Modified (0ms)


Started GET "/assets/admin/products.js?body=1" for 127.0.0.1 at 2013-01-18 13:30:57 +0100
Served asset /admin/products.js - 200 OK (0ms)


Started GET "/assets/jquery.js?body=1" for 127.0.0.1 at 2013-01-18 13:30:57 +0100
Served asset /jquery.js - 304 Not Modified (0ms)


Started GET "/assets/bootstrap.js?body=1" for 127.0.0.1 at 2013-01-18 13:30:57 +0100
Served asset /bootstrap.js - 200 OK (0ms)


Started GET "/assets/pages.css?body=1" for 127.0.0.1 at 2013-01-18 13:30:57 +0100
Served asset /pages.css - 304 Not Modified (0ms)


Started GET "/assets/admin/products.css?body=1" for 127.0.0.1 at 2013-01-18 13:30:57 +0100
Served asset /admin/products.css - 304 Not Modified (0ms)


Started GET "/assets/pages.js?body=1" for 127.0.0.1 at 2013-01-18 13:30:57 +0100
Served asset /pages.js - 304 Not Modified (0ms)


Started GET "/assets/jquery_ujs.js?body=1" for 127.0.0.1 at 2013-01-18 13:30:57 +0100
Served asset /jquery_ujs.js - 304 Not Modified (0ms)


Started GET "/assets/application.js?body=1" for 127.0.0.1 at 2013-01-18 13:30:57 +0100
Served asset /application.js - 304 Not Modified (0ms)


Started POST "/add_to_cart?id=1" for 127.0.0.1 at 2013-01-18 13:31:00 +0100
Processing by PagesController#add_to_cart as HTML
  Parameters: {"authenticity_token"=>"diG85UHtTfgsH9x9h81sp5GV/+GtbnHtM2dwnKna4gQ=", "id"=>"1"}
  [1m[36mProduct Load (0.1ms)[0m  [1mSELECT "products".* FROM "products" WHERE "products"."id" = ? LIMIT 1[0m  [["id", "1"]]
  Rendered pages/add_to_cart.html.erb within layouts/application (0.5ms)
  Rendered shared/_header.html.erb (0.0ms)
  Rendered shared/_footer.html.erb (0.0ms)
Completed 200 OK in 12ms (Views: 9.3ms | ActiveRecord: 0.1ms)


Started GET "/assets/admin/application.css?body=1" for 127.0.0.1 at 2013-01-18 13:31:00 +0100
Served asset /admin/application.css - 304 Not Modified (0ms)


Started GET "/assets/admin/products.css?body=1" for 127.0.0.1 at 2013-01-18 13:31:00 +0100
Served asset /admin/products.css - 304 Not Modified (0ms)


Started GET "/assets/jquery_ujs.js?body=1" for 127.0.0.1 at 2013-01-18 13:31:00 +0100
Served asset /jquery_ujs.js - 304 Not Modified (0ms)


Started GET "/assets/pages.css?body=1" for 127.0.0.1 at 2013-01-18 13:31:00 +0100
Served asset /pages.css - 304 Not Modified (0ms)


Started GET "/assets/jquery.js?body=1" for 127.0.0.1 at 2013-01-18 13:31:00 +0100
Served asset /jquery.js - 304 Not Modified (0ms)


Started GET "/assets/pages.js?body=1" for 127.0.0.1 at 2013-01-18 13:31:00 +0100
Served asset /pages.js - 304 Not Modified (0ms)


Started GET "/assets/application.js?body=1" for 127.0.0.1 at 2013-01-18 13:31:00 +0100
Served asset /application.js - 304 Not Modified (0ms)


Started POST "/add_to_cart?id=4" for 127.0.0.1 at 2013-01-18 13:31:06 +0100
Processing by PagesController#add_to_cart as HTML
  Parameters: {"authenticity_token"=>"diG85UHtTfgsH9x9h81sp5GV/+GtbnHtM2dwnKna4gQ=", "id"=>"4"}
  [1m[35mProduct Load (0.1ms)[0m  SELECT "products".* FROM "products" WHERE "products"."id" = ? LIMIT 1  [["id", "4"]]
  Rendered pages/add_to_cart.html.erb within layouts/application (0.1ms)
  Rendered shared/_header.html.erb (0.0ms)
  Rendered shared/_footer.html.erb (0.0ms)
Completed 200 OK in 10ms (Views: 9.0ms | ActiveRecord: 0.1ms)


Started GET "/assets/admin/application.css?body=1" for 127.0.0.1 at 2013-01-18 13:31:06 +0100
Served asset /admin/application.css - 304 Not Modified (0ms)


Started GET "/assets/jquery_ujs.js?body=1" for 127.0.0.1 at 2013-01-18 13:31:06 +0100
Served asset /jquery_ujs.js - 304 Not Modified (0ms)


Started GET "/assets/admin/products.css?body=1" for 127.0.0.1 at 2013-01-18 13:31:06 +0100
Served asset /admin/products.css - 304 Not Modified (0ms)


Started GET "/assets/pages.css?body=1" for 127.0.0.1 at 2013-01-18 13:31:06 +0100
Served asset /pages.css - 304 Not Modified (0ms)


Started GET "/assets/jquery.js?body=1" for 127.0.0.1 at 2013-01-18 13:31:06 +0100
Served asset /jquery.js - 304 Not Modified (0ms)


Started GET "/assets/pages.js?body=1" for 127.0.0.1 at 2013-01-18 13:31:06 +0100
Served asset /pages.js - 304 Not Modified (0ms)


Started GET "/assets/application.js?body=1" for 127.0.0.1 at 2013-01-18 13:31:06 +0100
Served asset /application.js - 304 Not Modified (0ms)


Started POST "/add_to_cart?id=4" for 127.0.0.1 at 2013-01-18 13:31:09 +0100
Processing by PagesController#add_to_cart as HTML
  Parameters: {"authenticity_token"=>"diG85UHtTfgsH9x9h81sp5GV/+GtbnHtM2dwnKna4gQ=", "id"=>"4"}
  [1m[36mProduct Load (0.1ms)[0m  [1mSELECT "products".* FROM "products" WHERE "products"."id" = ? LIMIT 1[0m  [["id", "4"]]
  Rendered pages/add_to_cart.html.erb within layouts/application (0.1ms)
  Rendered shared/_header.html.erb (0.0ms)
  Rendered shared/_footer.html.erb (0.0ms)
Completed 200 OK in 9ms (Views: 8.5ms | ActiveRecord: 0.1ms)


Started GET "/assets/admin/application.css?body=1" for 127.0.0.1 at 2013-01-18 13:31:09 +0100
Served asset /admin/application.css - 304 Not Modified (0ms)


Started GET "/assets/jquery.js?body=1" for 127.0.0.1 at 2013-01-18 13:31:09 +0100
Served asset /jquery.js - 304 Not Modified (0ms)


Started GET "/assets/pages.css?body=1" for 127.0.0.1 at 2013-01-18 13:31:09 +0100
Served asset /pages.css - 304 Not Modified (0ms)


Started GET "/assets/pages.js?body=1" for 127.0.0.1 at 2013-01-18 13:31:09 +0100
Served asset /pages.js - 304 Not Modified (0ms)


Started GET "/assets/jquery_ujs.js?body=1" for 127.0.0.1 at 2013-01-18 13:31:09 +0100
Served asset /jquery_ujs.js - 304 Not Modified (0ms)


Started GET "/assets/admin/products.css?body=1" for 127.0.0.1 at 2013-01-18 13:31:09 +0100
Served asset /admin/products.css - 304 Not Modified (0ms)


Started GET "/assets/application.js?body=1" for 127.0.0.1 at 2013-01-18 13:31:09 +0100
Served asset /application.js - 304 Not Modified (0ms)


Started POST "/add_to_cart?id=4" for 127.0.0.1 at 2013-01-18 13:32:34 +0100
Connecting to database specified by database.yml
Processing by PagesController#add_to_cart as HTML
  Parameters: {"authenticity_token"=>"LcNVJNjrr6Sx9rU8Su5P/VwTRgIFQsN1O5aGc0wTK9s=", "id"=>"4"}
  [1m[36mProduct Load (0.2ms)[0m  [1mSELECT "products".* FROM "products" WHERE "products"."id" = ? LIMIT 1[0m  [["id", "4"]]
Completed 500 Internal Server Error in 49ms

NoMethodError (undefined method `product' for #<Product:0x007fa60d645270>):
  app/models/cart.rb:9:in `block in add_product'
  app/models/cart.rb:9:in `each'
  app/models/cart.rb:9:in `find'
  app/models/cart.rb:9:in `add_product'
  app/controllers/pages_controller.rb:14:in `add_to_cart'


  Rendered /Users/lukadomitrovic/.rvm/gems/ruby-1.9.3-p194@global/gems/actionpack-3.2.8/lib/action_dispatch/middleware/templates/rescues/_trace.erb (1.5ms)
  Rendered /Users/lukadomitrovic/.rvm/gems/ruby-1.9.3-p194@global/gems/actionpack-3.2.8/lib/action_dispatch/middleware/templates/rescues/_request_and_response.erb (1.9ms)
  Rendered /Users/lukadomitrovic/.rvm/gems/ruby-1.9.3-p194@global/gems/actionpack-3.2.8/lib/action_dispatch/middleware/templates/rescues/diagnostics.erb within rescues/layout (12.0ms)


Started GET "/" for 127.0.0.1 at 2013-01-18 13:32:37 +0100
Processing by PagesController#home as HTML
  [1m[35mProduct Load (0.2ms)[0m  SELECT "products".* FROM "products" 
  Rendered pages/home.html.erb within layouts/application (5.0ms)
  Rendered shared/_header.html.erb (0.4ms)
  Rendered shared/_footer.html.erb (0.3ms)
Completed 200 OK in 71ms (Views: 68.5ms | ActiveRecord: 0.2ms)


Started GET "/assets/application.css?body=1" for 127.0.0.1 at 2013-01-18 13:32:37 +0100
Served asset /application.css - 304 Not Modified (4ms)


Started GET "/assets/jquery.js?body=1" for 127.0.0.1 at 2013-01-18 13:32:37 +0100
Served asset /jquery.js - 304 Not Modified (31ms)


Started GET "/assets/admin/products.css?body=1" for 127.0.0.1 at 2013-01-18 13:32:37 +0100
Served asset /admin/products.css - 304 Not Modified (2ms)


Started GET "/assets/admin/application.css?body=1" for 127.0.0.1 at 2013-01-18 13:32:37 +0100
Served asset /admin/application.css - 304 Not Modified (2ms)


Started GET "/assets/pages.css?body=1" for 127.0.0.1 at 2013-01-18 13:32:37 +0100
Served asset /pages.css - 304 Not Modified (4ms)


Started GET "/assets/jquery_ujs.js?body=1" for 127.0.0.1 at 2013-01-18 13:32:37 +0100
Served asset /jquery_ujs.js - 304 Not Modified (2ms)


Started GET "/assets/admin/application.js?body=1" for 127.0.0.1 at 2013-01-18 13:32:37 +0100
Served asset /admin/application.js - 304 Not Modified (1ms)


Started GET "/assets/admin/products.js?body=1" for 127.0.0.1 at 2013-01-18 13:32:37 +0100
Served asset /admin/products.js - 304 Not Modified (2ms)


Started GET "/assets/bootstrap.js?body=1" for 127.0.0.1 at 2013-01-18 13:32:37 +0100
Served asset /bootstrap.js - 304 Not Modified (1ms)


Started GET "/assets/pages.js?body=1" for 127.0.0.1 at 2013-01-18 13:32:37 +0100
Served asset /pages.js - 304 Not Modified (1ms)


Started GET "/assets/application.js?body=1" for 127.0.0.1 at 2013-01-18 13:32:37 +0100
Served asset /application.js - 304 Not Modified (7ms)


Started POST "/add_to_cart?id=4" for 127.0.0.1 at 2013-01-18 13:32:38 +0100
Processing by PagesController#add_to_cart as HTML
  Parameters: {"authenticity_token"=>"LcNVJNjrr6Sx9rU8Su5P/VwTRgIFQsN1O5aGc0wTK9s=", "id"=>"4"}
  [1m[36mProduct Load (0.1ms)[0m  [1mSELECT "products".* FROM "products" WHERE "products"."id" = ? LIMIT 1[0m  [["id", "4"]]
Completed 500 Internal Server Error in 2ms

NoMethodError (undefined method `product' for #<Product:0x007fa60e7b8ae8>):
  app/models/cart.rb:9:in `block in add_product'
  app/models/cart.rb:9:in `each'
  app/models/cart.rb:9:in `find'
  app/models/cart.rb:9:in `add_product'
  app/controllers/pages_controller.rb:14:in `add_to_cart'


  Rendered /Users/lukadomitrovic/.rvm/gems/ruby-1.9.3-p194@global/gems/actionpack-3.2.8/lib/action_dispatch/middleware/templates/rescues/_trace.erb (1.6ms)
  Rendered /Users/lukadomitrovic/.rvm/gems/ruby-1.9.3-p194@global/gems/actionpack-3.2.8/lib/action_dispatch/middleware/templates/rescues/_request_and_response.erb (2.1ms)
  Rendered /Users/lukadomitrovic/.rvm/gems/ruby-1.9.3-p194@global/gems/actionpack-3.2.8/lib/action_dispatch/middleware/templates/rescues/diagnostics.erb within rescues/layout (10.8ms)


Started POST "/add_to_cart?id=4" for 127.0.0.1 at 2013-01-18 13:32:42 +0100
Processing by PagesController#add_to_cart as HTML
  Parameters: {"authenticity_token"=>"LcNVJNjrr6Sx9rU8Su5P/VwTRgIFQsN1O5aGc0wTK9s=", "id"=>"4"}
  [1m[35mProduct Load (0.2ms)[0m  SELECT "products".* FROM "products" WHERE "products"."id" = ? LIMIT 1  [["id", "4"]]
Completed 500 Internal Server Error in 2ms

NoMethodError (undefined method `product' for #<Product:0x007fa60b811ad8>):
  app/models/cart.rb:9:in `block in add_product'
  app/models/cart.rb:9:in `each'
  app/models/cart.rb:9:in `find'
  app/models/cart.rb:9:in `add_product'
  app/controllers/pages_controller.rb:14:in `add_to_cart'


  Rendered /Users/lukadomitrovic/.rvm/gems/ruby-1.9.3-p194@global/gems/actionpack-3.2.8/lib/action_dispatch/middleware/templates/rescues/_trace.erb (1.6ms)
  Rendered /Users/lukadomitrovic/.rvm/gems/ruby-1.9.3-p194@global/gems/actionpack-3.2.8/lib/action_dispatch/middleware/templates/rescues/_request_and_response.erb (2.0ms)
  Rendered /Users/lukadomitrovic/.rvm/gems/ruby-1.9.3-p194@global/gems/actionpack-3.2.8/lib/action_dispatch/middleware/templates/rescues/diagnostics.erb within rescues/layout (10.8ms)
Connecting to database specified by database.yml
  [1m[36m (0.3ms)[0m  [1mDELETE FROM sessions[0m
SQLite3::SQLException: no such table: sessions: DELETE FROM sessions


Started POST "/add_to_cart?id=2" for 127.0.0.1 at 2013-01-18 13:35:07 +0100
Connecting to database specified by database.yml
Processing by PagesController#add_to_cart as HTML
  Parameters: {"authenticity_token"=>"LcNVJNjrr6Sx9rU8Su5P/VwTRgIFQsN1O5aGc0wTK9s=", "id"=>"2"}
  [1m[36mProduct Load (0.2ms)[0m  [1mSELECT "products".* FROM "products" WHERE "products"."id" = ? LIMIT 1[0m  [["id", "2"]]
Completed 500 Internal Server Error in 48ms

NoMethodError (undefined method `product' for #<Product:0x007fa1ca41d5c0>):
  app/models/cart.rb:9:in `block in add_product'
  app/models/cart.rb:9:in `each'
  app/models/cart.rb:9:in `find'
  app/models/cart.rb:9:in `add_product'
  app/controllers/pages_controller.rb:14:in `add_to_cart'


  Rendered /Users/lukadomitrovic/.rvm/gems/ruby-1.9.3-p194@global/gems/actionpack-3.2.8/lib/action_dispatch/middleware/templates/rescues/_trace.erb (1.6ms)
  Rendered /Users/lukadomitrovic/.rvm/gems/ruby-1.9.3-p194@global/gems/actionpack-3.2.8/lib/action_dispatch/middleware/templates/rescues/_request_and_response.erb (2.0ms)
  Rendered /Users/lukadomitrovic/.rvm/gems/ruby-1.9.3-p194@global/gems/actionpack-3.2.8/lib/action_dispatch/middleware/templates/rescues/diagnostics.erb within rescues/layout (12.2ms)


Started GET "/" for 127.0.0.1 at 2013-01-18 13:35:19 +0100
Processing by PagesController#home as HTML
  [1m[35mProduct Load (0.2ms)[0m  SELECT "products".* FROM "products" 
  Rendered pages/home.html.erb within layouts/application (3.0ms)
  Rendered shared/_header.html.erb (0.3ms)
  Rendered shared/_footer.html.erb (0.3ms)
Completed 200 OK in 63ms (Views: 61.9ms | ActiveRecord: 0.2ms)


Started GET "/assets/application.css?body=1" for 127.0.0.1 at 2013-01-18 13:35:19 +0100
Served asset /application.css - 200 OK (5ms)


Started GET "/assets/pages.css?body=1" for 127.0.0.1 at 2013-01-18 13:35:19 +0100
Served asset /pages.css - 200 OK (6ms)


Started GET "/assets/jquery_ujs.js?body=1" for 127.0.0.1 at 2013-01-18 13:35:19 +0100
Served asset /jquery_ujs.js - 200 OK (6ms)


Started GET "/assets/jquery.js?body=1" for 127.0.0.1 at 2013-01-18 13:35:19 +0100
Served asset /jquery.js - 200 OK (24ms)


Started GET "/assets/admin/products.css?body=1" for 127.0.0.1 at 2013-01-18 13:35:19 +0100
Served asset /admin/products.css - 200 OK (2ms)


Started GET "/assets/admin/application.js?body=1" for 127.0.0.1 at 2013-01-18 13:35:20 +0100
Served asset /admin/application.js - 304 Not Modified (1ms)


Started GET "/assets/admin/application.css?body=1" for 127.0.0.1 at 2013-01-18 13:35:20 +0100
Served asset /admin/application.css - 200 OK (4ms)


Started GET "/assets/admin/products.js?body=1" for 127.0.0.1 at 2013-01-18 13:35:20 +0100
Served asset /admin/products.js - 304 Not Modified (1ms)


Started GET "/assets/bootstrap.js?body=1" for 127.0.0.1 at 2013-01-18 13:35:20 +0100
Served asset /bootstrap.js - 304 Not Modified (1ms)


Started GET "/assets/pages.js?body=1" for 127.0.0.1 at 2013-01-18 13:35:20 +0100
Served asset /pages.js - 304 Not Modified (1ms)


Started GET "/assets/application.js?body=1" for 127.0.0.1 at 2013-01-18 13:35:20 +0100
Served asset /application.js - 304 Not Modified (8ms)


Started POST "/add_to_cart?id=2" for 127.0.0.1 at 2013-01-18 13:35:21 +0100
Processing by PagesController#add_to_cart as HTML
  Parameters: {"authenticity_token"=>"W0BjzlDLhIEeP+y9sPo4/mJyAnky9KoLZ6mgcYvY8Tw=", "id"=>"2"}
  [1m[36mProduct Load (0.1ms)[0m  [1mSELECT "products".* FROM "products" WHERE "products"."id" = ? LIMIT 1[0m  [["id", "2"]]
  Rendered pages/add_to_cart.html.erb within layouts/application (0.7ms)
  Rendered shared/_header.html.erb (0.0ms)
  Rendered shared/_footer.html.erb (0.0ms)
Completed 200 OK in 14ms (Views: 10.2ms | ActiveRecord: 0.1ms)


Started GET "/assets/admin/application.js?body=1" for 127.0.0.1 at 2013-01-18 13:35:21 +0100
Served asset /admin/application.js - 304 Not Modified (0ms)


Started GET "/assets/admin/products.js?body=1" for 127.0.0.1 at 2013-01-18 13:35:21 +0100
Served asset /admin/products.js - 304 Not Modified (0ms)


Started GET "/assets/bootstrap.js?body=1" for 127.0.0.1 at 2013-01-18 13:35:21 +0100
Served asset /bootstrap.js - 304 Not Modified (0ms)


Started GET "/assets/pages.js?body=1" for 127.0.0.1 at 2013-01-18 13:35:21 +0100
Served asset /pages.js - 304 Not Modified (0ms)


Started GET "/assets/application.js?body=1" for 127.0.0.1 at 2013-01-18 13:35:21 +0100
Served asset /application.js - 304 Not Modified (0ms)


Started POST "/add_to_cart?id=4" for 127.0.0.1 at 2013-01-18 13:35:28 +0100
Processing by PagesController#add_to_cart as HTML
  Parameters: {"authenticity_token"=>"W0BjzlDLhIEeP+y9sPo4/mJyAnky9KoLZ6mgcYvY8Tw=", "id"=>"4"}
  [1m[35mProduct Load (0.2ms)[0m  SELECT "products".* FROM "products" WHERE "products"."id" = ? LIMIT 1  [["id", "4"]]
  Rendered pages/add_to_cart.html.erb within layouts/application (0.1ms)
  Rendered shared/_header.html.erb (0.0ms)
  Rendered shared/_footer.html.erb (0.0ms)
Completed 200 OK in 11ms (Views: 9.4ms | ActiveRecord: 0.2ms)


Started GET "/assets/admin/application.js?body=1" for 127.0.0.1 at 2013-01-18 13:35:28 +0100
Served asset /admin/application.js - 304 Not Modified (0ms)


Started GET "/assets/pages.js?body=1" for 127.0.0.1 at 2013-01-18 13:35:28 +0100
Served asset /pages.js - 304 Not Modified (0ms)


Started GET "/assets/bootstrap.js?body=1" for 127.0.0.1 at 2013-01-18 13:35:28 +0100
Served asset /bootstrap.js - 304 Not Modified (0ms)


Started GET "/assets/application.js?body=1" for 127.0.0.1 at 2013-01-18 13:35:28 +0100
Served asset /application.js - 304 Not Modified (0ms)


Started GET "/assets/admin/products.js?body=1" for 127.0.0.1 at 2013-01-18 13:35:28 +0100
Served asset /admin/products.js - 304 Not Modified (0ms)


Started POST "/add_to_cart?id=4" for 127.0.0.1 at 2013-01-18 13:35:30 +0100
Processing by PagesController#add_to_cart as HTML
  Parameters: {"authenticity_token"=>"W0BjzlDLhIEeP+y9sPo4/mJyAnky9KoLZ6mgcYvY8Tw=", "id"=>"4"}
  [1m[36mProduct Load (0.1ms)[0m  [1mSELECT "products".* FROM "products" WHERE "products"."id" = ? LIMIT 1[0m  [["id", "4"]]
  Rendered pages/add_to_cart.html.erb within layouts/application (0.1ms)
  Rendered shared/_header.html.erb (0.0ms)
  Rendered shared/_footer.html.erb (0.0ms)
Completed 200 OK in 9ms (Views: 8.4ms | ActiveRecord: 0.1ms)


Started GET "/assets/admin/application.js?body=1" for 127.0.0.1 at 2013-01-18 13:35:30 +0100
Served asset /admin/application.js - 304 Not Modified (0ms)


Started GET "/assets/admin/products.js?body=1" for 127.0.0.1 at 2013-01-18 13:35:30 +0100
Served asset /admin/products.js - 304 Not Modified (0ms)


Started GET "/assets/pages.js?body=1" for 127.0.0.1 at 2013-01-18 13:35:30 +0100
Served asset /pages.js - 304 Not Modified (0ms)


Started GET "/assets/application.js?body=1" for 127.0.0.1 at 2013-01-18 13:35:30 +0100
Served asset /application.js - 304 Not Modified (0ms)


Started GET "/assets/bootstrap.js?body=1" for 127.0.0.1 at 2013-01-18 13:35:30 +0100
Served asset /bootstrap.js - 304 Not Modified (0ms)


Started POST "/add_to_cart?id=4" for 127.0.0.1 at 2013-01-18 13:35:42 +0100
Processing by PagesController#add_to_cart as HTML
  Parameters: {"authenticity_token"=>"W0BjzlDLhIEeP+y9sPo4/mJyAnky9KoLZ6mgcYvY8Tw=", "id"=>"4"}
  [1m[35mProduct Load (0.1ms)[0m  SELECT "products".* FROM "products" WHERE "products"."id" = ? LIMIT 1  [["id", "4"]]
  Rendered pages/add_to_cart.html.erb within layouts/application (0.1ms)
  Rendered shared/_header.html.erb (0.0ms)
  Rendered shared/_footer.html.erb (0.0ms)
Completed 200 OK in 9ms (Views: 8.6ms | ActiveRecord: 0.1ms)


Started GET "/assets/admin/application.js?body=1" for 127.0.0.1 at 2013-01-18 13:35:42 +0100
Served asset /admin/application.js - 304 Not Modified (0ms)


Started GET "/assets/pages.js?body=1" for 127.0.0.1 at 2013-01-18 13:35:42 +0100
Served asset /pages.js - 304 Not Modified (0ms)


Started GET "/assets/admin/products.js?body=1" for 127.0.0.1 at 2013-01-18 13:35:42 +0100
Served asset /admin/products.js - 304 Not Modified (0ms)


Started GET "/assets/application.js?body=1" for 127.0.0.1 at 2013-01-18 13:35:42 +0100
Served asset /application.js - 304 Not Modified (0ms)


Started GET "/assets/bootstrap.js?body=1" for 127.0.0.1 at 2013-01-18 13:35:42 +0100
Served asset /bootstrap.js - 304 Not Modified (0ms)


Started GET "/" for 127.0.0.1 at 2013-01-18 13:49:23 +0100
Processing by PagesController#home as HTML
  [1m[36mProduct Load (0.2ms)[0m  [1mSELECT "products".* FROM "products" [0m
  Rendered pages/home.html.erb within layouts/application (2.2ms)
  Rendered shared/_header.html.erb (0.0ms)
  Rendered shared/_footer.html.erb (0.0ms)
Completed 200 OK in 13ms (Views: 11.6ms | ActiveRecord: 0.2ms)


Started GET "/assets/application.css?body=1" for 127.0.0.1 at 2013-01-18 13:49:23 +0100
Served asset /application.css - 304 Not Modified (0ms)


Started GET "/assets/admin/products.css?body=1" for 127.0.0.1 at 2013-01-18 13:49:23 +0100
Served asset /admin/products.css - 304 Not Modified (0ms)


Started GET "/assets/pages.css?body=1" for 127.0.0.1 at 2013-01-18 13:49:23 +0100
Served asset /pages.css - 304 Not Modified (0ms)


Started GET "/assets/jquery.js?body=1" for 127.0.0.1 at 2013-01-18 13:49:23 +0100
Served asset /jquery.js - 304 Not Modified (0ms)


Started GET "/assets/admin/application.css?body=1" for 127.0.0.1 at 2013-01-18 13:49:23 +0100
Served asset /admin/application.css - 304 Not Modified (0ms)


Started GET "/assets/jquery_ujs.js?body=1" for 127.0.0.1 at 2013-01-18 13:49:23 +0100
Served asset /jquery_ujs.js - 304 Not Modified (0ms)


Started GET "/assets/admin/application.js?body=1" for 127.0.0.1 at 2013-01-18 13:49:23 +0100
Served asset /admin/application.js - 304 Not Modified (0ms)


Started GET "/assets/admin/products.js?body=1" for 127.0.0.1 at 2013-01-18 13:49:23 +0100
Served asset /admin/products.js - 304 Not Modified (0ms)


Started GET "/assets/pages.js?body=1" for 127.0.0.1 at 2013-01-18 13:49:23 +0100
Served asset /pages.js - 304 Not Modified (0ms)


Started GET "/assets/bootstrap.js?body=1" for 127.0.0.1 at 2013-01-18 13:49:23 +0100
Served asset /bootstrap.js - 304 Not Modified (0ms)


Started GET "/assets/application.js?body=1" for 127.0.0.1 at 2013-01-18 13:49:23 +0100
Served asset /application.js - 304 Not Modified (0ms)
